C:\USERS\YURY\DOCUMENTS\VISUAL STUDIO 2012\PROJECTS\DIADOC_EXAMPLE\DIADOC_EXAMPLE\DEBUG\DIADOC_EXAMPLE.PCH
C:\USERS\YURY\DOCUMENTS\VISUAL STUDIO 2012\PROJECTS\DIADOC_EXAMPLE\DIADOC_EXAMPLE\DEBUG\STDAFX.OBJ
C:\USERS\YURY\DOCUMENTS\VISUAL STUDIO 2012\PROJECTS\DIADOC_EXAMPLE\DIADOC_EXAMPLE\DEBUG\VC110.PDB
C:\USERS\YURY\DOCUMENTS\VISUAL STUDIO 2012\PROJECTS\DIADOC_EXAMPLE\DIADOC_EXAMPLE\DEBUG\DIADOC_EXAMPLE.OBJ
C:\USERS\YURY\DOCUMENTS\VISUAL STUDIO 2012\PROJECTS\DIADOC_EXAMPLE\DEBUG\DIADOC_EXAMPLE.ILK
C:\USERS\YURY\DOCUMENTS\VISUAL STUDIO 2012\PROJECTS\DIADOC_EXAMPLE\DEBUG\DIADOC_EXAMPLE.EXE
C:\USERS\YURY\DOCUMENTS\VISUAL STUDIO 2012\PROJECTS\DIADOC_EXAMPLE\DEBUG\DIADOC_EXAMPLE.PDB
C:\Users\Yury\Documents\Visual Studio 2012\Projects\diadoc_example\diadoc_example\Debug\diadoc_example.obj
C:\Users\Yury\Documents\Visual Studio 2012\Projects\diadoc_example\diadoc_example\Debug\stdafx.obj
C:\Users\Yury\Documents\Visual Studio 2012\Projects\diadoc_example\diadoc_example\Debug\cl.command.1.tlog
C:\Users\Yury\Documents\Visual Studio 2012\Projects\diadoc_example\diadoc_example\Debug\CL.read.1.tlog
C:\Users\Yury\Documents\Visual Studio 2012\Projects\diadoc_example\diadoc_example\Debug\CL.write.1.tlog
C:\Users\Yury\Documents\Visual Studio 2012\Projects\diadoc_example\diadoc_example\Debug\link-cvtres.read.1.tlog
C:\Users\Yury\Documents\Visual Studio 2012\Projects\diadoc_example\diadoc_example\Debug\link-cvtres.write.1.tlog
C:\Users\Yury\Documents\Visual Studio 2012\Projects\diadoc_example\diadoc_example\Debug\link-rc.read.1.tlog
C:\Users\Yury\Documents\Visual Studio 2012\Projects\diadoc_example\diadoc_example\Debug\link-rc.write.1.tlog
C:\Users\Yury\Documents\Visual Studio 2012\Projects\diadoc_example\diadoc_example\Debug\link.command.1.tlog
C:\Users\Yury\Documents\Visual Studio 2012\Projects\diadoc_example\diadoc_example\Debug\link.read.1.tlog
C:\Users\Yury\Documents\Visual Studio 2012\Projects\diadoc_example\diadoc_example\Debug\link.write.1.tlog
C:\Users\Yury\Documents\Visual Studio 2012\Projects\diadoc_example\diadoc_example\Debug\diadoc_example.pch
C:\Users\Yury\Documents\Visual Studio 2012\Projects\diadoc_example\diadoc_example\Debug\vc110.idb
C:\Users\Yury\Documents\Visual Studio 2012\Projects\diadoc_example\diadoc_example\Debug\vc110.pdb
C:\Users\Yury\Documents\Visual Studio 2012\Projects\diadoc_example\Debug\diadoc_example.pdb
C:\Users\Yury\Documents\Visual Studio 2012\Projects\diadoc_example\Debug\diadoc_example.exe
C:\Users\Yury\Documents\Visual Studio 2012\Projects\diadoc_example\Debug\diadoc_example.ilk
